<?xml version="1.0" encoding="UTF-8"?>
<!-- Generated by org.testng.reporters.JUnitReportReporter -->
<testsuite hostname="DESKTOP-O0RSMQB" failures="0" tests="1" name="com.guru99.testCases.Tc_LoginTestUsingDp" time="23.072" errors="0" timestamp="01 Jul 2019 03:45:20 GMT" skipped="0">
  <testcase classname="com.guru99.testCases.Tc_LoginTestUsingDp" name="tc_01" time="23.072"/>
</testsuite> <!-- com.guru99.testCases.Tc_LoginTestUsingDp -->
