<?xml version="1.0" encoding="UTF-8"?>
<!-- Generated by org.testng.reporters.JUnitReportReporter -->
<testsuite hostname="DESKTOP-O0RSMQB" failures="0" tests="1" name="com.guru99.testCases.Tc_LoginTest_001" time="51.931" errors="0" timestamp="14 Jun 2019 18:49:46 GMT" skipped="0">
  <testcase classname="com.guru99.testCases.Tc_LoginTest_001" name="loginTest" time="51.931"/>
</testsuite> <!-- com.guru99.testCases.Tc_LoginTest_001 -->
