<?xml version="1.0" encoding="UTF-8"?>
<!-- Generated by org.testng.reporters.JUnitReportReporter -->
<testsuite hostname="DESKTOP-O0RSMQB" failures="0" tests="2" name="com.guru99.PageObjects.DDTExcel" time="27.065" errors="0" timestamp="14 Jun 2019 11:31:42 GMT" skipped="0">
  <testcase classname="com.guru99.PageObjects.DDTExcel" name="DemoProject" time="27.058"/>
  <testcase classname="com.guru99.PageObjects.DDTExcel" name="demo" time="0.007"/>
</testsuite> <!-- com.guru99.PageObjects.DDTExcel -->
