<?xml version="1.0" encoding="UTF-8"?>
<!-- Generated by org.testng.reporters.JUnitReportReporter -->
<testsuite hostname="DESKTOP-O0RSMQB" failures="0" tests="1" name="com.guru99.testCases.Tc_LoginTestUsingxl" time="17.800" errors="0" timestamp="18 Jun 2019 19:32:19 GMT" skipped="0">
  <testcase classname="com.guru99.testCases.Tc_LoginTestUsingxl" name="tc_01" time="17.800"/>
</testsuite> <!-- com.guru99.testCases.Tc_LoginTestUsingxl -->
